<?xml version="1.0" encoding="UTF-8"?>
<robot generator="Robot 7.2.2 (Python 3.13.2 on win32)" generated="2025-03-05T09:10:42.231283" rpa="false" schemaversion="5">
<suite id="s1" name="Test1" source="c:\Users\Administrateur\OneDrive - M2I\Bureau\initRobotFramework\test\test1.robot">
<test id="s1-t1" name="test3" line="27">
<kw name="Given I am on the homepage" owner="homepage_page">
<kw name="Open Browser" owner="Browser">
<msg time="2025-03-05T09:10:42.402156" level="WARN">Open Browser is for quick experimentation and debugging only. Use New Page for production.</msg>
<msg time="2025-03-05T09:10:42.404607" level="INFO">{"browser": "chromium", "headless": false, "chromiumSandbox": false, "devtools": false, "handleSIGHUP": true, "handleSIGINT": true, "handleSIGTERM": true, "slowMo": 0.0, "timeout": 30000.0, "tracesDir": "C:\\Users\\Administrateur\\OneDrive - M2I\\Bureau\\initRobotFramework\\browser\\traces\\temp\\5b0177ae-17cd-44e0-90ed-21c0edbf2f92"}</msg>
<msg time="2025-03-05T09:10:42.420252" level="INFO">Starting Browser process C:\Users\Administrateur\AppData\Local\Programs\Python\Python313\Lib\site-packages\Browser\wrapper\index.js using port 61744</msg>
<msg time="2025-03-05T09:10:42.420550" level="INFO">Node startup parameters: ['node', 'C:\\Users\\Administrateur\\AppData\\Local\\Programs\\Python\\Python313\\Lib\\site-packages\\Browser\\wrapper\\index.js', '61744']</msg>
<msg time="2025-03-05T09:10:43.140478" level="INFO">Successfully created browser with options: {"browser":"chromium","headless":false,"chromiumSandbox":false,"devtools":false,"handleSIGHUP":true,"handleSIGINT":true,"handleSIGTERM":true,"slowMo":0,"timeout":30000,"tracesDir":"C:\\Users\\Administrateur\\OneDrive - M2I\\Bureau\\initRobotFramework\\browser\\traces\\temp\\5b0177ae-17cd-44e0-90ed-21c0edbf2f92"}</msg>
<msg time="2025-03-05T09:10:43.142002" level="INFO">{
  "acceptDownloads": true,
  "bypassCSP": true,
  "forcedColors": "none",
  "ignoreHTTPSErrors": false,
  "javaScriptEnabled": true,
  "offline": false,
  "reducedMotion": "no-preference",
  "serviceWorkers": "allow",
  "viewport": {
    "width": 1280,
    "height": 720
  }
}</msg>
<msg time="2025-03-05T09:10:43.160871" level="INFO">Successfully created context. </msg>
<msg time="2025-03-05T09:10:43.161256" level="INFO">{'acceptDownloads': True, 'bypassCSP': True, 'forcedColors': 'none', 'ignoreHTTPSErrors': False, 'javaScriptEnabled': True, 'offline': False, 'reducedMotion': 'no-preference', 'serviceWorkers': 'allow', 'viewport': {'width': 1280, 'height': 720}}</msg>
<msg time="2025-03-05T09:10:44.817695" level="INFO">Successfully initialized new page object and opened url: https://www.decathlon.fr/</msg>
<arg>https://www.decathlon.fr/</arg>
<tag>BrowserControl</tag>
<tag>Setter</tag>
<doc>Opens a new browser instance. Use this keyword for quick experiments or debugging sessions.</doc>
<status status="PASS" start="2025-03-05T09:10:42.401601" elapsed="2.416458"/>
</kw>
<kw name="Get Element States" owner="Browser">
<msg time="2025-03-05T09:10:44.877923" level="INFO">States are: ['attached', 'visible', 'enabled', 'defocused']</msg>
<arg>id=didomi-notice-agree-button</arg>
<arg>contains</arg>
<arg>visible</arg>
<tag>Assertion</tag>
<tag>Getter</tag>
<tag>PageContent</tag>
<doc>Get the active states from the element found by ``selector``.</doc>
<status status="PASS" start="2025-03-05T09:10:44.818349" elapsed="0.059859"/>
</kw>
<kw name="Click" owner="Browser">
<msg time="2025-03-05T09:10:44.879107" level="INFO">Clicks the element 'xpath=//span[normalize-space()='Tout accepter']'.</msg>
<arg>xpath=//span[normalize-space()='Tout accepter']</arg>
<tag>PageContent</tag>
<tag>Setter</tag>
<doc>Simulates mouse click on the element found by ``selector``.</doc>
<status status="PASS" start="2025-03-05T09:10:44.878438" elapsed="0.156561"/>
</kw>
<kw name="Wait For Elements State" owner="Browser">
<msg time="2025-03-05T09:10:45.078802" level="INFO">Waited for Element with selector id=didomi-popup at state detached</msg>
<arg>id=didomi-popup</arg>
<arg>detached</arg>
<tag>PageContent</tag>
<tag>Wait</tag>
<doc>Waits for the element found by ``selector`` to satisfy state option.</doc>
<status status="PASS" start="2025-03-05T09:10:45.035464" elapsed="0.043716"/>
</kw>
<status status="PASS" start="2025-03-05T09:10:42.400406" elapsed="2.678938"/>
</kw>
<kw name="When I go to the login form" owner="homepage_page">
<kw name="Click" owner="Browser">
<msg time="2025-03-05T09:10:45.080908" level="INFO">Clicks the element 'css=.tool--account a'.</msg>
<arg>css=.tool--account a</arg>
<tag>PageContent</tag>
<tag>Setter</tag>
<doc>Simulates mouse click on the element found by ``selector``.</doc>
<status status="PASS" start="2025-03-05T09:10:45.080350" elapsed="0.478188"/>
</kw>
<status status="PASS" start="2025-03-05T09:10:45.079865" elapsed="0.478982"/>
</kw>
<kw name="Then I am on the login form" owner="login">
<kw name="Get Element States" owner="Browser">
<msg time="2025-03-05T09:10:46.600547" level="INFO">States are: ['attached', 'visible', 'enabled', 'defocused']</msg>
<arg>id=form-sign-in</arg>
<arg>contains</arg>
<arg>visible</arg>
<tag>Assertion</tag>
<tag>Getter</tag>
<tag>PageContent</tag>
<doc>Get the active states from the element found by ``selector``.</doc>
<status status="PASS" start="2025-03-05T09:10:45.560146" elapsed="1.040947"/>
</kw>
<status status="PASS" start="2025-03-05T09:10:45.559409" elapsed="1.041898"/>
</kw>
<kw name="When I try to connect with the email address &quot;toto@yopmail;com&quot;" owner="login" source_name="I try to connect with the email address &quot;${email}&quot;">
<kw name="Fill Text" owner="Browser">
<msg time="2025-03-05T09:10:46.603238" level="INFO">Fills the text 'toto@yopmail;com' in the given field.</msg>
<arg>id=input-email</arg>
<arg>${email}</arg>
<tag>PageContent</tag>
<tag>Setter</tag>
<doc>Clears and fills the given ``txt`` into the text field found by ``selector``.</doc>
<status status="PASS" start="2025-03-05T09:10:46.602507" elapsed="0.051947"/>
</kw>
<kw name="Click" owner="Browser">
<msg time="2025-03-05T09:10:46.655218" level="INFO">Clicks the element 'id=lookup-btn'.</msg>
<arg>id=lookup-btn</arg>
<tag>PageContent</tag>
<tag>Setter</tag>
<doc>Simulates mouse click on the element found by ``selector``.</doc>
<status status="PASS" start="2025-03-05T09:10:46.654710" elapsed="0.069628"/>
</kw>
<status status="PASS" start="2025-03-05T09:10:46.601902" elapsed="0.122693"/>
</kw>
<kw name="Then I have an error for a wrong email address" owner="login">
<kw name="Get Element States" owner="Browser">
<msg time="2025-03-05T09:10:46.741302" level="INFO">States are: ['attached', 'visible', 'enabled', 'defocused']</msg>
<arg>css=.textfield-error-message</arg>
<arg>contains</arg>
<arg>visible</arg>
<tag>Assertion</tag>
<tag>Getter</tag>
<tag>PageContent</tag>
<doc>Get the active states from the element found by ``selector``.</doc>
<status status="PASS" start="2025-03-05T09:10:46.725459" elapsed="0.016086"/>
</kw>
<status status="PASS" start="2025-03-05T09:10:46.725031" elapsed="0.016646"/>
</kw>
<msg time="2025-03-05T09:10:46.744305" level="INFO">Set timeout to: 10000</msg>
<msg time="2025-03-05T09:10:46.761559" level="INFO">Switching context to context=f1af9dca-811c-4597-91e8-51482f3e1786 in CURRENT</msg>
<msg time="2025-03-05T09:10:46.767493" level="INFO">Successfully changed active context: context=f1af9dca-811c-4597-91e8-51482f3e1786</msg>
<msg time="2025-03-05T09:10:46.802530" level="INFO">Successfully closed Context</msg>
<status status="PASS" start="2025-03-05T09:10:42.399542" elapsed="4.342529"/>
</test>
<status status="PASS" start="2025-03-05T09:10:42.234907" elapsed="4.570087"/>
</suite>
<statistics>
<total>
<stat pass="1" fail="0" skip="0">All Tests</stat>
</total>
<tag>
</tag>
<suite>
<stat name="Test1" id="s1" pass="1" fail="0" skip="0">Test1</stat>
</suite>
</statistics>
<errors>
<msg time="2025-03-05T09:10:42.402156" level="WARN">Open Browser is for quick experimentation and debugging only. Use New Page for production.</msg>
</errors>
</robot>
