<?xml version="1.0" encoding="UTF-8"?>
<robot generator="Robot 7.2.2 (Python 3.13.2 on win32)" generated="2025-03-06T09:12:24.389729" rpa="false" schemaversion="5">
<suite id="s1" name="Test1" source="c:\Users\Administrateur\OneDrive - M2I\Bureau\initRobotFramework\test\test1.robot">
<test id="s1-t1" name="test5" line="47">
<kw name="Given I am on the homepage" owner="homepage_page" type="SETUP">
<kw name="Open Browser" owner="Browser">
<msg time="2025-03-06T09:12:24.560205" level="WARN">Open Browser is for quick experimentation and debugging only. Use New Page for production.</msg>
<msg time="2025-03-06T09:12:24.563001" level="INFO">{"browser": "chromium", "headless": false, "chromiumSandbox": false, "devtools": false, "handleSIGHUP": true, "handleSIGINT": true, "handleSIGTERM": true, "slowMo": 0.0, "timeout": 30000.0, "tracesDir": "C:\\Users\\Administrateur\\OneDrive - M2I\\Bureau\\initRobotFramework\\browser\\traces\\temp\\81dfb0ea-11b5-4da6-86a4-6b2199f30b42"}</msg>
<msg time="2025-03-06T09:12:24.580497" level="INFO">Starting Browser process C:\Users\Administrateur\AppData\Local\Programs\Python\Python313\Lib\site-packages\Browser\wrapper\index.js using port 63393</msg>
<msg time="2025-03-06T09:12:24.580721" level="INFO">Node startup parameters: ['node', 'C:\\Users\\Administrateur\\AppData\\Local\\Programs\\Python\\Python313\\Lib\\site-packages\\Browser\\wrapper\\index.js', '63393']</msg>
<msg time="2025-03-06T09:12:25.279946" level="INFO">Successfully created browser with options: {"browser":"chromium","headless":false,"chromiumSandbox":false,"devtools":false,"handleSIGHUP":true,"handleSIGINT":true,"handleSIGTERM":true,"slowMo":0,"timeout":30000,"tracesDir":"C:\\Users\\Administrateur\\OneDrive - M2I\\Bureau\\initRobotFramework\\browser\\traces\\temp\\81dfb0ea-11b5-4da6-86a4-6b2199f30b42"}</msg>
<msg time="2025-03-06T09:12:25.281124" level="INFO">{
  "acceptDownloads": true,
  "bypassCSP": true,
  "forcedColors": "none",
  "ignoreHTTPSErrors": false,
  "javaScriptEnabled": true,
  "offline": false,
  "reducedMotion": "no-preference",
  "serviceWorkers": "allow",
  "viewport": {
    "height": 720,
    "width": 1280
  }
}</msg>
<msg time="2025-03-06T09:12:25.299307" level="INFO">Successfully created context. </msg>
<msg time="2025-03-06T09:12:25.299498" level="INFO">{'acceptDownloads': True, 'bypassCSP': True, 'forcedColors': 'none', 'ignoreHTTPSErrors': False, 'javaScriptEnabled': True, 'offline': False, 'reducedMotion': 'no-preference', 'serviceWorkers': 'allow', 'viewport': {'height': 720, 'width': 1280}}</msg>
<msg time="2025-03-06T09:12:26.894944" level="INFO">Successfully initialized new page object and opened url: https://www.decathlon.fr/</msg>
<arg>https://www.decathlon.fr/</arg>
<tag>BrowserControl</tag>
<tag>Setter</tag>
<doc>Opens a new browser instance. Use this keyword for quick experiments or debugging sessions.</doc>
<status status="PASS" start="2025-03-06T09:12:24.559586" elapsed="2.335657"/>
</kw>
<kw name="Get Element States" owner="Browser">
<msg time="2025-03-06T09:12:26.959775" level="INFO">States are: ['attached', 'visible', 'enabled', 'defocused']</msg>
<arg>id=didomi-notice-agree-button</arg>
<arg>contains</arg>
<arg>visible</arg>
<tag>Assertion</tag>
<tag>Getter</tag>
<tag>PageContent</tag>
<doc>Get the active states from the element found by ``selector``.</doc>
<status status="PASS" start="2025-03-06T09:12:26.895495" elapsed="0.064612"/>
</kw>
<kw name="Click" owner="Browser">
<msg time="2025-03-06T09:12:26.960857" level="INFO">Clicks the element 'xpath=//span[normalize-space()='Tout accepter']'.</msg>
<arg>xpath=//span[normalize-space()='Tout accepter']</arg>
<tag>PageContent</tag>
<tag>Setter</tag>
<doc>Simulates mouse click on the element found by ``selector``.</doc>
<status status="PASS" start="2025-03-06T09:12:26.960323" elapsed="0.167208"/>
</kw>
<kw name="Wait For Elements State" owner="Browser">
<msg time="2025-03-06T09:12:27.172316" level="INFO">Waited for Element with selector id=didomi-popup at state detached</msg>
<arg>id=didomi-popup</arg>
<arg>detached</arg>
<tag>PageContent</tag>
<tag>Wait</tag>
<doc>Waits for the element found by ``selector`` to satisfy state option.</doc>
<status status="PASS" start="2025-03-06T09:12:27.127965" elapsed="0.044647"/>
</kw>
<status status="PASS" start="2025-03-06T09:12:24.558451" elapsed="2.614317"/>
</kw>
<kw name="When I search for &quot;ballon&quot;" owner="searchbar" source_name="I search for &quot;${search}&quot;">
<kw name="Fill Text" owner="Browser">
<msg time="2025-03-06T09:12:27.174206" level="INFO">Fills the text 'ballon' in the given field.</msg>
<arg>xpath=//*[@id="search-bar"]//input</arg>
<arg>${search}</arg>
<tag>PageContent</tag>
<tag>Setter</tag>
<doc>Clears and fills the given ``txt`` into the text field found by ``selector``.</doc>
<status status="PASS" start="2025-03-06T09:12:27.173666" elapsed="0.153836"/>
</kw>
<kw name="Click" owner="Browser">
<msg time="2025-03-06T09:12:27.328315" level="INFO">Clicks the element 'css=#search-bar button[type='submit']'.</msg>
<arg>css=#search-bar button[type='submit']</arg>
<tag>PageContent</tag>
<tag>Setter</tag>
<doc>Simulates mouse click on the element found by ``selector``.</doc>
<status status="PASS" start="2025-03-06T09:12:27.327779" elapsed="0.944138"/>
</kw>
<status status="PASS" start="2025-03-06T09:12:27.173203" elapsed="1.099019"/>
</kw>
<kw name="Then I am on the search page for &quot;ballon&quot;" owner="searchpage" source_name="I am on the search page for &quot;${search}&quot;">
<kw name="Get Element States" owner="Browser">
<msg time="2025-03-06T09:12:29.313702" level="INFO">States are: ['attached', 'visible', 'enabled', 'defocused']</msg>
<arg>id=search-suggestions-banner</arg>
<arg>contains</arg>
<arg>visible</arg>
<tag>Assertion</tag>
<tag>Getter</tag>
<tag>PageContent</tag>
<doc>Get the active states from the element found by ``selector``.</doc>
<status status="PASS" start="2025-03-06T09:12:28.273715" elapsed="1.040746"/>
</kw>
<kw name="Get Text" owner="Browser">
<msg time="2025-03-06T09:12:29.421334" level="INFO">Text: 'ballon'</msg>
<arg>css=.searchText</arg>
<arg>contains</arg>
<arg>${search}</arg>
<tag>Assertion</tag>
<tag>Getter</tag>
<tag>PageContent</tag>
<doc>Returns text attribute of the element found by ``selector``.</doc>
<status status="PASS" start="2025-03-06T09:12:29.314753" elapsed="0.106906"/>
</kw>
<status status="PASS" start="2025-03-06T09:12:28.272841" elapsed="1.148962"/>
</kw>
<kw name="When I open the first product page" owner="searchpage">
<kw name="Click" owner="Browser">
<msg time="2025-03-06T09:12:29.424132" level="INFO">Clicks the element 'xpath=(//*[contains(concat(' ', normalize-space(@class), ' '), ' product-list ')]/*)[1]//a[./img]'.</msg>
<arg>xpath=(//*[contains(concat(' ', normalize-space(@class), ' '), ' product-list ')]/*)[1]//a[./img]</arg>
<tag>PageContent</tag>
<tag>Setter</tag>
<doc>Simulates mouse click on the element found by ``selector``.</doc>
<status status="PASS" start="2025-03-06T09:12:29.423123" elapsed="0.883927"/>
</kw>
<status status="PASS" start="2025-03-06T09:12:29.422329" elapsed="0.885025"/>
</kw>
<kw name="Then I am on the product page for &quot;Ballon de Gymnastique Rythmique de 165 mm, rose ultra fluo&quot;" owner="product.page" source_name="I am on the product page for &quot;${name}&quot;">
<kw name="Get Text" owner="Browser">
<msg time="2025-03-06T09:12:30.982127" level="INFO">Text: 'Ballon de Gymnastique Rythmique de 165 mm, rose ultra fluo'</msg>
<arg>css=h1</arg>
<arg>contains</arg>
<arg>${name}</arg>
<tag>Assertion</tag>
<tag>Getter</tag>
<tag>PageContent</tag>
<doc>Returns text attribute of the element found by ``selector``.</doc>
<status status="PASS" start="2025-03-06T09:12:30.308409" elapsed="0.674483"/>
</kw>
<status status="PASS" start="2025-03-06T09:12:30.307819" elapsed="0.675395"/>
</kw>
<kw name="When I add the product to the cart" owner="product.page">
<kw name="Click" owner="Browser">
<msg time="2025-03-06T09:12:30.984974" level="INFO">Clicks the element 'css=.conversion-zone__purchase-cta'.